0 info it worked if it ends with ok
1 verbose cli [ '/Users/jeremycflin/.nvm/versions/node/v0.12.7/bin/node',
1 verbose cli   '/Users/jeremycflin/.nvm/versions/node/v0.12.7/bin/npm',
1 verbose cli   'install',
1 verbose cli   'arc.js' ]
2 info using npm@2.11.3
3 info using node@v0.12.7
4 verbose config Skipping project config: /Users/jeremycflin/.npmrc. (matches userconfig)
5 verbose install initial load of /Users/jeremycflin/package.json
6 verbose installManyTop reading scoped package data from /Users/jeremycflin/node_modules/d3/package.json
7 verbose installManyTop reading scoped package data from /Users/jeremycflin/node_modules/gulp/package.json
8 verbose readDependencies loading dependencies from /Users/jeremycflin/package.json
9 silly cache add args [ 'arc.js', null ]
10 verbose cache add spec arc.js
11 silly cache add parsed spec { raw: 'arc.js',
11 silly cache add   scope: null,
11 silly cache add   name: 'arc.js',
11 silly cache add   rawSpec: '',
11 silly cache add   spec: '*',
11 silly cache add   type: 'range' }
12 silly addNamed arc.js@*
13 verbose addNamed "*" is a valid semver range for arc.js
14 silly addNameRange { name: 'arc.js', range: '*', hasData: false }
15 silly mapToRegistry name arc.js
16 silly mapToRegistry using default registry
17 silly mapToRegistry registry https://registry.npmjs.org/
18 silly mapToRegistry uri https://registry.npmjs.org/arc.js
19 verbose addNameRange registry:https://registry.npmjs.org/arc.js not in flight; fetching
20 verbose request uri https://registry.npmjs.org/arc.js
21 verbose request no auth needed
22 info attempt registry request try #1 at 2:18:06 PM
23 verbose request id 8e4777acf36e350f
24 http request GET https://registry.npmjs.org/arc.js
25 http 404 https://registry.npmjs.org/arc.js
26 verbose headers { 'content-type': 'application/json',
26 verbose headers   'cache-control': 'max-age=0',
26 verbose headers   'content-length': '2',
26 verbose headers   'accept-ranges': 'bytes',
26 verbose headers   date: 'Wed, 09 Sep 2015 21:18:07 GMT',
26 verbose headers   via: '1.1 varnish',
26 verbose headers   age: '0',
26 verbose headers   connection: 'keep-alive',
26 verbose headers   'x-served-by': 'cache-sjc3130-SJC',
26 verbose headers   'x-cache': 'MISS',
26 verbose headers   'x-cache-hits': '0',
26 verbose headers   'x-timer': 'S1441833487.757546,VS0,VE87' }
27 silly get cb [ 404,
27 silly get   { 'content-type': 'application/json',
27 silly get     'cache-control': 'max-age=0',
27 silly get     'content-length': '2',
27 silly get     'accept-ranges': 'bytes',
27 silly get     date: 'Wed, 09 Sep 2015 21:18:07 GMT',
27 silly get     via: '1.1 varnish',
27 silly get     age: '0',
27 silly get     connection: 'keep-alive',
27 silly get     'x-served-by': 'cache-sjc3130-SJC',
27 silly get     'x-cache': 'MISS',
27 silly get     'x-cache-hits': '0',
27 silly get     'x-timer': 'S1441833487.757546,VS0,VE87' } ]
28 verbose stack Error: Registry returned 404 for GET on https://registry.npmjs.org/arc.js
28 verbose stack     at CachingRegistryClient.<anonymous> (/Users/jeremycflin/.nvm/versions/node/v0.12.7/lib/node_modules/npm/node_modules/npm-registry-client/lib/request.js:239:14)
28 verbose stack     at Request._callback (/Users/jeremycflin/.nvm/versions/node/v0.12.7/lib/node_modules/npm/node_modules/npm-registry-client/lib/request.js:170:14)
28 verbose stack     at Request.self.callback (/Users/jeremycflin/.nvm/versions/node/v0.12.7/lib/node_modules/npm/node_modules/request/request.js:354:22)
28 verbose stack     at Request.emit (events.js:110:17)
28 verbose stack     at Request.<anonymous> (/Users/jeremycflin/.nvm/versions/node/v0.12.7/lib/node_modules/npm/node_modules/request/request.js:1207:14)
28 verbose stack     at Request.emit (events.js:129:20)
28 verbose stack     at IncomingMessage.<anonymous> (/Users/jeremycflin/.nvm/versions/node/v0.12.7/lib/node_modules/npm/node_modules/request/request.js:1153:12)
28 verbose stack     at IncomingMessage.emit (events.js:129:20)
28 verbose stack     at _stream_readable.js:908:16
28 verbose stack     at process._tickCallback (node.js:355:11)
29 verbose statusCode 404
30 verbose pkgid arc.js
31 verbose cwd /Users/jeremycflin/Documents/personal_projects/study_overseas/map
32 error Darwin 14.3.0
33 error argv "/Users/jeremycflin/.nvm/versions/node/v0.12.7/bin/node" "/Users/jeremycflin/.nvm/versions/node/v0.12.7/bin/npm" "install" "arc.js"
34 error node v0.12.7
35 error npm  v2.11.3
36 error code E404
37 error 404 Registry returned 404 for GET on https://registry.npmjs.org/arc.js
37 error 404
37 error 404 'arc.js' is not in the npm registry.
37 error 404 You should bug the author to publish it (or use the name yourself!)
37 error 404
37 error 404 Note that you can also install from a
37 error 404 tarball, folder, http url, or git url.
38 verbose exit [ 1, true ]
